<?xml version="1.0" encoding="UTF-8"?>
<robot generator="Robot 6.0.2 (Python 3.11.0 on win32)" generated="20230129 10:05:16.093" rpa="false" schemaversion="3">
<suite id="s1" name="Nie1" source="C:\Users\vdi-student\PycharmProjects\pythonProject1\nie1.robot">
<test id="s1-t1" name="Registraion Of Multiple User" line="37">
<kw name="Open My Browser" type="SETUP">
<kw name="Open Browser" library="SeleniumLibrary">
<arg>https://gotujmy.pl/forum/</arg>
<arg>Chrome</arg>
<doc>Opens a new browser instance to the optional ``url``.</doc>
<msg timestamp="20230129 10:05:16.483" level="INFO">Opening browser 'Chrome' to base url 'https://gotujmy.pl/forum/'.</msg>
<status status="PASS" starttime="20230129 10:05:16.483" endtime="20230129 10:05:20.842"/>
</kw>
<kw name="Maximize Browser Window" library="SeleniumLibrary">
<doc>Maximizes current browser window.</doc>
<status status="PASS" starttime="20230129 10:05:20.842" endtime="20230129 10:05:20.998"/>
</kw>
<kw name="Execute Javascript" library="SeleniumLibrary">
<arg>document.body.style.zoom='50%'</arg>
<doc>Executes the given JavaScript code with possible arguments.</doc>
<msg timestamp="20230129 10:05:21.000" level="INFO">Executing JavaScript:
document.body.style.zoom='50%'
Without any arguments.</msg>
<status status="PASS" starttime="20230129 10:05:20.998" endtime="20230129 10:05:21.269"/>
</kw>
<kw name="Sleep" library="BuiltIn">
<arg>3</arg>
<doc>Pauses the test executed for the given time.</doc>
<msg timestamp="20230129 10:05:24.270" level="INFO">Slept 3 seconds</msg>
<status status="PASS" starttime="20230129 10:05:21.269" endtime="20230129 10:05:24.270"/>
</kw>
<kw name="Scroll Element Into View" library="SeleniumLibrary">
<arg>//*[@id="tcf277-permissions-modal"]/div[3]/div/button[2]</arg>
<doc>Scrolls the element identified by ``locator`` into view.</doc>
<msg timestamp="20230129 10:05:24.568" level="INFO" html="true">&lt;/td&gt;&lt;/tr&gt;&lt;tr&gt;&lt;td colspan="3"&gt;&lt;a href="selenium-screenshot-33.png"&gt;&lt;img src="selenium-screenshot-33.png" width="800px"&gt;&lt;/a&gt;</msg>
<msg timestamp="20230129 10:05:24.569" level="FAIL">ElementNotInteractableException: Message: element not interactable: [object HTMLButtonElement] has no size and location
  (Session info: chrome=109.0.5414.120)
Stacktrace:
Backtrace:
	(No symbol) [0x00366643]
	(No symbol) [0x002FBE21]
	(No symbol) [0x001FDA9D]
	(No symbol) [0x002009E4]
	(No symbol) [0x002008AD]
	(No symbol) [0x00200B30]
	(No symbol) [0x002384C5]
	(No symbol) [0x00237856]
	(No symbol) [0x0026E57F]
	(No symbol) [0x0024FD7C]
	(No symbol) [0x00266B09]
	(No symbol) [0x0024FB76]
	(No symbol) [0x002249C1]
	(No symbol) [0x00225E5D]
	GetHandleVerifier [0x005DA142+2497106]
	GetHandleVerifier [0x006085D3+2686691]
	GetHandleVerifier [0x0060BB9C+2700460]
	GetHandleVerifier [0x00413B10+635936]
	(No symbol) [0x00304A1F]
	(No symbol) [0x0030A418]
	(No symbol) [0x0030A505]
	(No symbol) [0x0031508B]
	BaseThreadInitThunk [0x76DFFEF9+25]
	RtlGetAppContainerNamedObjectPath [0x772A7BBE+286]
	RtlGetAppContainerNamedObjectPath [0x772A7B8E+238]
</msg>
<status status="FAIL" starttime="20230129 10:05:24.270" endtime="20230129 10:05:24.639"/>
</kw>
<kw name="Run Keyword And Ignore Error" library="BuiltIn">
<arg>click button</arg>
<arg>//*[@id="tcf277-permissions-modal"]/div[3]/div/button[2]</arg>
<doc>Runs the given keyword with the given arguments and ignores possible error.</doc>
<status status="NOT RUN" starttime="20230129 10:05:24.640" endtime="20230129 10:05:24.640"/>
</kw>
<status status="FAIL" starttime="20230129 10:05:16.483" endtime="20230129 10:05:24.641"/>
</kw>
<status status="FAIL" starttime="20230129 10:05:16.483" endtime="20230129 10:05:24.678">Setup failed:
ElementNotInteractableException: Message: element not interactable: [object HTMLButtonElement] has no size and location
  (Session info: chrome=109.0.5414.120)
Stacktrace:
Backtrace:
	(No symbol) [0x00366643]
	(No symbol) [0x002FBE21]
	(No symbol) [0x001FDA9D]
	(No symbol) [0x002009E4]
	(No symbol) [0x002008AD]
	(No symbol) [0x00200B30]
	(No symbol) [0x002384C5]
	(No symbol) [0x00237856]
	(No symbol) [0x0026E57F]
	(No symbol) [0x0024FD7C]
	(No symbol) [0x00266B09]
	(No symbol) [0x0024FB76]
	(No symbol) [0x002249C1]
	(No symbol) [0x00225E5D]
	GetHandleVerifier [0x005DA142+2497106]
	GetHandleVerifier [0x006085D3+2686691]
	GetHandleVerifier [0x0060BB9C+2700460]
	GetHandleVerifier [0x00413B10+635936]
	(No symbol) [0x00304A1F]
	(No symbol) [0x0030A418]
	(No symbol) [0x0030A505]
	(No symbol) [0x0031508B]
	BaseThreadInitThunk [0x76DFFEF9+25]
	RtlGetAppContainerNamedObjectPath [0x772A7BBE+286]
	RtlGetAppContainerNamedObjectPath [0x772A7B8E+238]
</status>
</test>
<test id="s1-t2" name="Unsuccessful Regiustratoin Different Names" line="42">
<kw name="Open My Browser" type="SETUP">
<kw name="Open Browser" library="SeleniumLibrary">
<arg>https://gotujmy.pl/forum/</arg>
<arg>Chrome</arg>
<doc>Opens a new browser instance to the optional ``url``.</doc>
<msg timestamp="20230129 10:05:24.763" level="INFO">Opening browser 'Chrome' to base url 'https://gotujmy.pl/forum/'.</msg>
<status status="PASS" starttime="20230129 10:05:24.762" endtime="20230129 10:05:29.635"/>
</kw>
<kw name="Maximize Browser Window" library="SeleniumLibrary">
<doc>Maximizes current browser window.</doc>
<status status="PASS" starttime="20230129 10:05:29.635" endtime="20230129 10:05:29.804"/>
</kw>
<kw name="Execute Javascript" library="SeleniumLibrary">
<arg>document.body.style.zoom='50%'</arg>
<doc>Executes the given JavaScript code with possible arguments.</doc>
<msg timestamp="20230129 10:05:29.806" level="INFO">Executing JavaScript:
document.body.style.zoom='50%'
Without any arguments.</msg>
<status status="PASS" starttime="20230129 10:05:29.805" endtime="20230129 10:05:30.019"/>
</kw>
<kw name="Sleep" library="BuiltIn">
<arg>3</arg>
<doc>Pauses the test executed for the given time.</doc>
<msg timestamp="20230129 10:05:33.021" level="INFO">Slept 3 seconds</msg>
<status status="PASS" starttime="20230129 10:05:30.019" endtime="20230129 10:05:33.021"/>
</kw>
<kw name="Scroll Element Into View" library="SeleniumLibrary">
<arg>//*[@id="tcf277-permissions-modal"]/div[3]/div/button[2]</arg>
<doc>Scrolls the element identified by ``locator`` into view.</doc>
<msg timestamp="20230129 10:05:34.018" level="INFO" html="true">&lt;/td&gt;&lt;/tr&gt;&lt;tr&gt;&lt;td colspan="3"&gt;&lt;a href="selenium-screenshot-34.png"&gt;&lt;img src="selenium-screenshot-34.png" width="800px"&gt;&lt;/a&gt;</msg>
<msg timestamp="20230129 10:05:34.018" level="FAIL">ElementNotInteractableException: Message: element not interactable: [object HTMLButtonElement] has no size and location
  (Session info: chrome=109.0.5414.120)
Stacktrace:
Backtrace:
	(No symbol) [0x00366643]
	(No symbol) [0x002FBE21]
	(No symbol) [0x001FDA9D]
	(No symbol) [0x002009E4]
	(No symbol) [0x002008AD]
	(No symbol) [0x00200B30]
	(No symbol) [0x002384C5]
	(No symbol) [0x00237856]
	(No symbol) [0x0026E57F]
	(No symbol) [0x0024FD7C]
	(No symbol) [0x00266B09]
	(No symbol) [0x0024FB76]
	(No symbol) [0x002249C1]
	(No symbol) [0x00225E5D]
	GetHandleVerifier [0x005DA142+2497106]
	GetHandleVerifier [0x006085D3+2686691]
	GetHandleVerifier [0x0060BB9C+2700460]
	GetHandleVerifier [0x00413B10+635936]
	(No symbol) [0x00304A1F]
	(No symbol) [0x0030A418]
	(No symbol) [0x0030A505]
	(No symbol) [0x0031508B]
	BaseThreadInitThunk [0x76DFFEF9+25]
	RtlGetAppContainerNamedObjectPath [0x772A7BBE+286]
	RtlGetAppContainerNamedObjectPath [0x772A7B8E+238]
</msg>
<status status="FAIL" starttime="20230129 10:05:33.022" endtime="20230129 10:05:34.020"/>
</kw>
<kw name="Run Keyword And Ignore Error" library="BuiltIn">
<arg>click button</arg>
<arg>//*[@id="tcf277-permissions-modal"]/div[3]/div/button[2]</arg>
<doc>Runs the given keyword with the given arguments and ignores possible error.</doc>
<status status="NOT RUN" starttime="20230129 10:05:34.020" endtime="20230129 10:05:34.020"/>
</kw>
<status status="FAIL" starttime="20230129 10:05:24.761" endtime="20230129 10:05:34.021"/>
</kw>
<status status="FAIL" starttime="20230129 10:05:24.738" endtime="20230129 10:05:34.022">Setup failed:
ElementNotInteractableException: Message: element not interactable: [object HTMLButtonElement] has no size and location
  (Session info: chrome=109.0.5414.120)
Stacktrace:
Backtrace:
	(No symbol) [0x00366643]
	(No symbol) [0x002FBE21]
	(No symbol) [0x001FDA9D]
	(No symbol) [0x002009E4]
	(No symbol) [0x002008AD]
	(No symbol) [0x00200B30]
	(No symbol) [0x002384C5]
	(No symbol) [0x00237856]
	(No symbol) [0x0026E57F]
	(No symbol) [0x0024FD7C]
	(No symbol) [0x00266B09]
	(No symbol) [0x0024FB76]
	(No symbol) [0x002249C1]
	(No symbol) [0x00225E5D]
	GetHandleVerifier [0x005DA142+2497106]
	GetHandleVerifier [0x006085D3+2686691]
	GetHandleVerifier [0x0060BB9C+2700460]
	GetHandleVerifier [0x00413B10+635936]
	(No symbol) [0x00304A1F]
	(No symbol) [0x0030A418]
	(No symbol) [0x0030A505]
	(No symbol) [0x0031508B]
	BaseThreadInitThunk [0x76DFFEF9+25]
	RtlGetAppContainerNamedObjectPath [0x772A7BBE+286]
	RtlGetAppContainerNamedObjectPath [0x772A7B8E+238]
</status>
</test>
<status status="FAIL" starttime="20230129 10:05:16.098" endtime="20230129 10:05:34.030"/>
</suite>
<statistics>
<total>
<stat pass="0" fail="2" skip="0">All Tests</stat>
</total>
<tag>
</tag>
<suite>
<stat pass="0" fail="2" skip="0" id="s1" name="Nie1">Nie1</stat>
</suite>
</statistics>
<errors>
</errors>
</robot>
